0 info it worked if it ends with ok
1 verbose cli [ '/usr/bin/nodejs',
1 verbose cli   '/usr/local/bin/npm',
1 verbose cli   'install',
1 verbose cli   'node-curl' ]
2 info using npm@3.10.2
3 info using node@v6.7.0
4 silly loadCurrentTree Starting
5 silly install loadCurrentTree
6 silly install readLocalPackageData
7 silly fetchPackageMetaData node-curl
8 silly fetchNamedPackageData node-curl
9 silly mapToRegistry name node-curl
10 silly mapToRegistry using default registry
11 silly mapToRegistry registry https://registry.npmjs.org/
12 silly mapToRegistry data Result {
12 silly mapToRegistry   raw: 'node-curl',
12 silly mapToRegistry   scope: null,
12 silly mapToRegistry   escapedName: 'node-curl',
12 silly mapToRegistry   name: 'node-curl',
12 silly mapToRegistry   rawSpec: '',
12 silly mapToRegistry   spec: 'latest',
12 silly mapToRegistry   type: 'tag' }
13 silly mapToRegistry uri https://registry.npmjs.org/node-curl
14 verbose request uri https://registry.npmjs.org/node-curl
15 verbose request no auth needed
16 info attempt registry request try #1 at 8:34:54 PM
17 verbose request id 1beafaee4b703591
18 http request GET https://registry.npmjs.org/node-curl
19 http 200 https://registry.npmjs.org/node-curl
20 verbose headers { server: 'CouchDB/1.5.0 (Erlang OTP/R16B03)',
20 verbose headers   etag: '"9YODA3BYL4SMT4K7AB9N32UBB"',
20 verbose headers   'content-type': 'application/json',
20 verbose headers   'content-encoding': 'gzip',
20 verbose headers   'cache-control': 'max-age=300',
20 verbose headers   'content-length': '4111',
20 verbose headers   'accept-ranges': 'bytes',
20 verbose headers   date: 'Thu, 10 Nov 2016 17:34:56 GMT',
20 verbose headers   via: '1.1 varnish',
20 verbose headers   age: '0',
20 verbose headers   connection: 'keep-alive',
20 verbose headers   'x-served-by': 'cache-lcy1123-LCY',
20 verbose headers   'x-cache': 'MISS',
20 verbose headers   'x-cache-hits': '0',
20 verbose headers   'x-timer': 'S1478799295.496515,VS0,VE621',
20 verbose headers   vary: 'Accept-Encoding' }
21 silly get cb [ 200,
21 silly get   { server: 'CouchDB/1.5.0 (Erlang OTP/R16B03)',
21 silly get     etag: '"9YODA3BYL4SMT4K7AB9N32UBB"',
21 silly get     'content-type': 'application/json',
21 silly get     'content-encoding': 'gzip',
21 silly get     'cache-control': 'max-age=300',
21 silly get     'content-length': '4111',
21 silly get     'accept-ranges': 'bytes',
21 silly get     date: 'Thu, 10 Nov 2016 17:34:56 GMT',
21 silly get     via: '1.1 varnish',
21 silly get     age: '0',
21 silly get     connection: 'keep-alive',
21 silly get     'x-served-by': 'cache-lcy1123-LCY',
21 silly get     'x-cache': 'MISS',
21 silly get     'x-cache-hits': '0',
21 silly get     'x-timer': 'S1478799295.496515,VS0,VE621',
21 silly get     vary: 'Accept-Encoding' } ]
22 verbose get saving node-curl to /home/leonard/.npm/registry.npmjs.org/node-curl/.cache.json
23 verbose correctMkdir /home/leonard/.npm correctMkdir not in flight; initializing
24 silly install normalizeTree
25 silly loadCurrentTree Finishing
26 silly loadIdealTree Starting
27 silly install loadIdealTree
28 silly cloneCurrentTree Starting
29 silly install cloneCurrentTreeToIdealTree
30 silly cloneCurrentTree Finishing
31 silly loadShrinkwrap Starting
32 silly install loadShrinkwrap
33 silly loadShrinkwrap Finishing
34 silly loadAllDepsIntoIdealTree Starting
35 silly install loadAllDepsIntoIdealTree
36 silly resolveWithNewModule node-curl@0.3.3 checking installable status
37 silly cache add args [ 'node-curl', null ]
38 verbose cache add spec node-curl
39 silly cache add parsed spec Result {
39 silly cache add   raw: 'node-curl',
39 silly cache add   scope: null,
39 silly cache add   escapedName: 'node-curl',
39 silly cache add   name: 'node-curl',
39 silly cache add   rawSpec: '',
39 silly cache add   spec: 'latest',
39 silly cache add   type: 'tag' }
40 silly addNamed node-curl@latest
41 verbose addNamed "latest" is being treated as a dist-tag for node-curl
42 info addNameTag [ 'node-curl', 'latest' ]
43 silly mapToRegistry name node-curl
44 silly mapToRegistry using default registry
45 silly mapToRegistry registry https://registry.npmjs.org/
46 silly mapToRegistry data Result {
46 silly mapToRegistry   raw: 'node-curl',
46 silly mapToRegistry   scope: null,
46 silly mapToRegistry   escapedName: 'node-curl',
46 silly mapToRegistry   name: 'node-curl',
46 silly mapToRegistry   rawSpec: '',
46 silly mapToRegistry   spec: 'latest',
46 silly mapToRegistry   type: 'tag' }
47 silly mapToRegistry uri https://registry.npmjs.org/node-curl
48 verbose addNameTag registry:https://registry.npmjs.org/node-curl not in flight; fetching
49 verbose get https://registry.npmjs.org/node-curl not expired, no request
50 silly addNameTag next cb for node-curl with tag latest
51 silly addNamed node-curl@0.3.3
52 verbose addNamed "0.3.3" is a plain semver version for node-curl
53 silly mapToRegistry name node-curl
54 silly mapToRegistry using default registry
55 silly mapToRegistry registry https://registry.npmjs.org/
56 silly mapToRegistry data Result {
56 silly mapToRegistry   raw: 'node-curl',
56 silly mapToRegistry   scope: null,
56 silly mapToRegistry   escapedName: 'node-curl',
56 silly mapToRegistry   name: 'node-curl',
56 silly mapToRegistry   rawSpec: '',
56 silly mapToRegistry   spec: 'latest',
56 silly mapToRegistry   type: 'tag' }
57 silly mapToRegistry uri https://registry.npmjs.org/node-curl
58 verbose addRemoteTarball https://registry.npmjs.org/node-curl/-/node-curl-0.3.3.tgz not in flight; adding
59 verbose addRemoteTarball [ 'https://registry.npmjs.org/node-curl/-/node-curl-0.3.3.tgz',
59 verbose addRemoteTarball   '71274370774c2298b860307a9e45877701638735' ]
60 info retry fetch attempt 1 at 8:34:56 PM
61 info attempt registry request try #1 at 8:34:56 PM
62 http fetch GET https://registry.npmjs.org/node-curl/-/node-curl-0.3.3.tgz
63 http fetch 200 https://registry.npmjs.org/node-curl/-/node-curl-0.3.3.tgz
64 silly fetchAndShaCheck shasum 71274370774c2298b860307a9e45877701638735
65 verbose addTmpTarball /tmp/npm-7275-33f5d873/registry.npmjs.org/node-curl/-/node-curl-0.3.3.tgz not in flight; adding
66 verbose addTmpTarball already have metadata; skipping unpack for node-curl@0.3.3
67 verbose correctMkdir /home/leonard/.npm correctMkdir not in flight; initializing
68 silly cache afterAdd node-curl@0.3.3
69 verbose afterAdd /home/leonard/.npm/node-curl/0.3.3/package/package.json not in flight; writing
70 verbose correctMkdir /home/leonard/.npm correctMkdir not in flight; initializing
71 verbose afterAdd /home/leonard/.npm/node-curl/0.3.3/package/package.json written
72 silly loadAllDepsIntoIdealTree Finishing
73 silly loadIdealTree Finishing
74 silly currentTree nalipa-web
75 silly idealTree nalipa-web
75 silly idealTree └── node-curl@0.3.3
76 silly generateActionsToTake Starting
77 silly install generateActionsToTake
78 silly generateActionsToTake Finishing
79 silly diffTrees action count 1
80 silly diffTrees add node-curl@0.3.3
81 silly decomposeActions action count 8
82 silly decomposeActions fetch node-curl@0.3.3
83 silly decomposeActions extract node-curl@0.3.3
84 silly decomposeActions test node-curl@0.3.3
85 silly decomposeActions preinstall node-curl@0.3.3
86 silly decomposeActions build node-curl@0.3.3
87 silly decomposeActions install node-curl@0.3.3
88 silly decomposeActions postinstall node-curl@0.3.3
89 silly decomposeActions finalize node-curl@0.3.3
90 silly executeActions Starting
91 silly install executeActions
92 silly doSerial global-install 0
93 silly doParallel fetch 1
94 verbose correctMkdir /home/leonard/.npm/_locks correctMkdir not in flight; initializing
95 verbose lock using /home/leonard/.npm/_locks/staging-2bc6c3b46a03f1f4.lock for /var/www/html/nalipa-web/node_modules/.staging
96 silly doParallel extract 1
97 silly extract node-curl@0.3.3
98 verbose unbuild node_modules/.staging/node-curl-03fbb3a1
99 silly gentlyRm /var/www/html/nalipa-web/node_modules/.staging/node-curl-03fbb3a1 is being purged from base /var/www/html/nalipa-web
100 verbose gentlyRm don't care about contents; nuking /var/www/html/nalipa-web/node_modules/.staging/node-curl-03fbb3a1
101 verbose tar unpack /home/leonard/.npm/node-curl/0.3.3/package.tgz
102 verbose tar unpacking to /var/www/html/nalipa-web/node_modules/.staging/node-curl-03fbb3a1
103 silly gentlyRm /var/www/html/nalipa-web/node_modules/.staging/node-curl-03fbb3a1 is being purged
104 verbose gentlyRm don't care about contents; nuking /var/www/html/nalipa-web/node_modules/.staging/node-curl-03fbb3a1
105 silly gunzTarPerm modes [ '775', '664' ]
106 silly gunzTarPerm extractEntry package.json
107 silly gunzTarPerm modified mode [ 'package.json', 420, 436 ]
108 silly gunzTarPerm extractEntry .npmignore
109 silly gunzTarPerm modified mode [ '.npmignore', 420, 436 ]
110 silly gunzTarPerm extractEntry README.md
111 silly gunzTarPerm modified mode [ 'README.md', 420, 436 ]
112 silly gunzTarPerm extractEntry index.js
113 silly gunzTarPerm modified mode [ 'index.js', 420, 436 ]
114 silly gunzTarPerm extractEntry binding.gyp
115 silly gunzTarPerm modified mode [ 'binding.gyp', 420, 436 ]
116 silly gunzTarPerm extractEntry examples/curl.js
117 silly gunzTarPerm modified mode [ 'examples/curl.js', 420, 436 ]
118 silly gunzTarPerm extractEntry examples/low-level.js
119 silly gunzTarPerm modified mode [ 'examples/low-level.js', 420, 436 ]
120 silly gunzTarPerm extractEntry examples/post-multi-part.js
121 silly gunzTarPerm modified mode [ 'examples/post-multi-part.js', 420, 436 ]
122 silly gunzTarPerm extractEntry examples/test.js
123 silly gunzTarPerm modified mode [ 'examples/test.js', 420, 436 ]
124 silly gunzTarPerm extractEntry examples/low-level-pressure.js
125 silly gunzTarPerm modified mode [ 'examples/low-level-pressure.js', 420, 436 ]
126 silly gunzTarPerm extractEntry examples/test-stream.js
127 silly gunzTarPerm modified mode [ 'examples/test-stream.js', 420, 436 ]
128 silly gunzTarPerm extractEntry examples/pressure-multi-post.js
129 silly gunzTarPerm modified mode [ 'examples/pressure-multi-post.js', 420, 436 ]
130 silly gunzTarPerm extractEntry examples/test-get-info.js
131 silly gunzTarPerm modified mode [ 'examples/test-get-info.js', 420, 436 ]
132 silly gunzTarPerm extractEntry examples/test-errors.js
133 silly gunzTarPerm modified mode [ 'examples/test-errors.js', 420, 436 ]
134 silly gunzTarPerm extractEntry examples/quick-start.js
135 silly gunzTarPerm modified mode [ 'examples/quick-start.js', 420, 436 ]
136 silly gunzTarPerm extractEntry examples/post.js
137 silly gunzTarPerm modified mode [ 'examples/post.js', 420, 436 ]
138 silly gunzTarPerm extractEntry examples/pressure.js
139 silly gunzTarPerm modified mode [ 'examples/pressure.js', 420, 436 ]
140 silly gunzTarPerm extractEntry examples/pressure.toffee
141 silly gunzTarPerm modified mode [ 'examples/pressure.toffee', 420, 436 ]
142 silly gunzTarPerm extractEntry examples/curl.toffee
143 silly gunzTarPerm modified mode [ 'examples/curl.toffee', 420, 436 ]
144 silly gunzTarPerm extractEntry examples/test-errors.toffee
145 silly gunzTarPerm modified mode [ 'examples/test-errors.toffee', 420, 436 ]
146 silly gunzTarPerm extractEntry examples/pressure-multi-post.toffee
147 silly gunzTarPerm modified mode [ 'examples/pressure-multi-post.toffee', 420, 436 ]
148 silly gunzTarPerm extractEntry examples/post.toffee
149 silly gunzTarPerm modified mode [ 'examples/post.toffee', 420, 436 ]
150 silly gunzTarPerm extractEntry examples/test-stream.toffee
151 silly gunzTarPerm modified mode [ 'examples/test-stream.toffee', 420, 436 ]
152 silly gunzTarPerm extractEntry examples/post-multi-part.toffee
153 silly gunzTarPerm modified mode [ 'examples/post-multi-part.toffee', 420, 436 ]
154 silly gunzTarPerm extractEntry examples/test.toffee
155 silly gunzTarPerm modified mode [ 'examples/test.toffee', 420, 436 ]
156 silly gunzTarPerm extractEntry .travis.yml
157 silly gunzTarPerm modified mode [ '.travis.yml', 420, 436 ]
158 silly gunzTarPerm extractEntry index.toffee
159 silly gunzTarPerm modified mode [ 'index.toffee', 420, 436 ]
160 silly gunzTarPerm extractEntry lib/Curl.js
161 silly gunzTarPerm modified mode [ 'lib/Curl.js', 420, 436 ]
162 silly gunzTarPerm extractEntry lib/CurlBuilder.js
163 silly gunzTarPerm modified mode [ 'lib/CurlBuilder.js', 420, 436 ]
164 silly gunzTarPerm extractEntry lib/Curl.toffee
165 silly gunzTarPerm modified mode [ 'lib/Curl.toffee', 420, 436 ]
166 silly gunzTarPerm extractEntry lib/CurlBuilder.toffee
167 silly gunzTarPerm modified mode [ 'lib/CurlBuilder.toffee', 420, 436 ]
168 silly gunzTarPerm extractEntry LICENSE-MIT
169 silly gunzTarPerm modified mode [ 'LICENSE-MIT', 420, 436 ]
170 silly gunzTarPerm extractEntry src/generate_curl_options_list.sh
171 silly gunzTarPerm modified mode [ 'src/generate_curl_options_list.sh', 493, 509 ]
172 silly gunzTarPerm extractEntry src/node-curl.cc
173 silly gunzTarPerm modified mode [ 'src/node-curl.cc', 420, 436 ]
174 silly gunzTarPerm extractEntry src/node-curl.h
175 silly gunzTarPerm modified mode [ 'src/node-curl.h', 420, 436 ]
176 silly gunzTarPerm extractEntry wscript
177 silly gunzTarPerm modified mode [ 'wscript', 420, 436 ]
178 silly gentlyRm /var/www/html/nalipa-web/node_modules/.staging/node-curl-03fbb3a1/node_modules is being purged
179 verbose gentlyRm don't care about contents; nuking /var/www/html/nalipa-web/node_modules/.staging/node-curl-03fbb3a1/node_modules
180 silly doParallel preinstall 1
181 silly preinstall node-curl@0.3.3 /var/www/html/nalipa-web/node_modules/.staging/node-curl-03fbb3a1
182 info lifecycle node-curl@0.3.3~preinstall: node-curl@0.3.3
183 silly lifecycle node-curl@0.3.3~preinstall: no script for preinstall, continuing
184 silly doReverseSerial remove 0
185 silly doSerial move 0
186 silly doSerial finalize 1
187 silly finalize /var/www/html/nalipa-web/node_modules/node-curl
188 silly doSerial build 1
189 silly build node-curl@0.3.3
190 info linkStuff node-curl@0.3.3
191 silly linkStuff node-curl@0.3.3 has /var/www/html/nalipa-web/node_modules as its parent node_modules
192 verbose linkBins node-curl@0.3.3
193 verbose linkMans node-curl@0.3.3
194 silly doSerial global-link 0
195 silly doParallel update-linked 0
196 silly doSerial install 1
197 silly install node-curl@0.3.3 /var/www/html/nalipa-web/node_modules/.staging/node-curl-03fbb3a1
198 info lifecycle node-curl@0.3.3~install: node-curl@0.3.3
199 verbose lifecycle node-curl@0.3.3~install: unsafe-perm in lifecycle true
200 verbose lifecycle node-curl@0.3.3~install: PATH: /usr/local/lib/node_modules/npm/bin/node-gyp-bin:/var/www/html/nalipa-web/node_modules/node-curl/node_modules/.bin:/var/www/html/nalipa-web/node_modules/.bin:/usr/bin:/home/leonard/bin:/home/leonard/.local/bin:/home/leonard/bin:/home/leonard/.local/bin:/usr/local/sbin:/usr/local/bin:/usr/sbin:/usr/bin:/sbin:/bin:/usr/games:/usr/local/games:/snap/bin:/usr/lib/jvm/java-8-oracle/bin:/usr/lib/jvm/java-8-oracle/db/bin:/usr/lib/jvm/java-8-oracle/jre/bin:/home/leonard/.composer/vendor/bin:/snap/bin:/usr/lib/jvm/java-8-oracle/bin:/usr/lib/jvm/java-8-oracle/db/bin:/usr/lib/jvm/java-8-oracle/jre/bin
201 verbose lifecycle node-curl@0.3.3~install: CWD: /var/www/html/nalipa-web/node_modules/node-curl
202 silly lifecycle node-curl@0.3.3~install: Args: [ '-c',
202 silly lifecycle   'sh src/generate_curl_options_list.sh && (node-gyp rebuild || node-waf configure build)' ]
203 info lifecycle node-curl@0.3.3~install: Failed to exec install script
204 verbose unlock done using /home/leonard/.npm/_locks/staging-2bc6c3b46a03f1f4.lock for /var/www/html/nalipa-web/node_modules/.staging
205 silly rollbackFailedOptional Starting
206 silly rollbackFailedOptional Finishing
207 silly runTopLevelLifecycles Starting
208 silly runTopLevelLifecycles Finishing
209 silly install printInstalled
210 warn enoent ENOENT: no such file or directory, open '/var/www/html/nalipa-web/package.json'
211 warn nalipa-web No description
212 warn nalipa-web No repository field.
213 warn nalipa-web No README data
214 warn nalipa-web No license field.
215 verbose stack Error: node-curl@0.3.3 install: `sh src/generate_curl_options_list.sh && (node-gyp rebuild || node-waf configure build)`
215 verbose stack spawn ENOENT
215 verbose stack     at ChildProcess.<anonymous> (/usr/local/lib/node_modules/npm/lib/utils/spawn.js:33:16)
215 verbose stack     at emitTwo (events.js:106:13)
215 verbose stack     at ChildProcess.emit (events.js:191:7)
215 verbose stack     at maybeClose (internal/child_process.js:877:16)
215 verbose stack     at Process.ChildProcess._handle.onexit (internal/child_process.js:226:5)
216 verbose pkgid node-curl@0.3.3
217 verbose cwd /var/www/html/nalipa-web
218 error Linux 4.4.0-38-generic
219 error argv "/usr/bin/nodejs" "/usr/local/bin/npm" "install" "node-curl"
220 error node v6.7.0
221 error npm  v3.10.2
222 error file sh
223 error code ELIFECYCLE
224 error errno ENOENT
225 error syscall spawn
226 error node-curl@0.3.3 install: `sh src/generate_curl_options_list.sh && (node-gyp rebuild || node-waf configure build)`
226 error spawn ENOENT
227 error Failed at the node-curl@0.3.3 install script 'sh src/generate_curl_options_list.sh && (node-gyp rebuild || node-waf configure build)'.
227 error Make sure you have the latest version of node.js and npm installed.
227 error If you do, this is most likely a problem with the node-curl package,
227 error not with npm itself.
227 error Tell the author that this fails on your system:
227 error     sh src/generate_curl_options_list.sh && (node-gyp rebuild || node-waf configure build)
227 error You can get information on how to open an issue for this project with:
227 error     npm bugs node-curl
227 error Or if that isn't available, you can get their info via:
227 error     npm owner ls node-curl
227 error There is likely additional logging output above.
228 verbose exit [ 1, true ]
